Using pre-set license
Built from '2020.2/staging' branch; Version is '2020.2.6f1 (8a2143876886) revision 9052483'; Using compiler version '192528614'; Build Type 'Release'
OS: 'Windows 10 Pro; OS build 19041.867; Version 2004; 64bit' Language: 'en' Physical Memory: 65336 MB
BatchMode: 1, IsHumanControllingUs: 0, StartBugReporterOnCrash: 0, Is64bit: 1, IsPro: 0

 COMMAND LINE ARGUMENTS:
C:\Users\Andru\Downloads\2020.2.6f1\Editor\Unity.exe
-adb2
-batchMode
-noUpm
-name
AssetImportWorker0
-projectPath
C:/Users/Andru/Documents/Games/Arcade_Car_Physics/car go vrrr ush skrrt
-logFile
Logs/AssetImportWorker0.log
-srvPort
62431
Successfully changed project path to: C:/Users/Andru/Documents/Games/Arcade_Car_Physics/car go vrrr ush skrrt
C:/Users/Andru/Documents/Games/Arcade_Car_Physics/car go vrrr ush skrrt
Using Asset Import Pipeline V2.
Refreshing native plugins compatible for Editor in 37.04 ms, found 0 plugins.
Preloading 0 native plugins for Editor in 0.00 ms.
Initialize engine version: 2020.2.6f1 (8a2143876886)
[Subsystems] Discovering subsystems at path C:/Users/Andru/Downloads/2020.2.6f1/Editor/Data/Resources/UnitySubsystems
[Subsystems] Discovering subsystems at path C:/Users/Andru/Documents/Games/Arcade_Car_Physics/car go vrrr ush skrrt/Assets
GfxDevice: creating device client; threaded=0
Direct3D:
    Version:  Direct3D 11.0 [level 11.1]
    Renderer: NVIDIA GeForce RTX 3080 (ID=0x2206)
    Vendor:   
    VRAM:     10078 MB
    Driver:   27.21.14.5638
Shader 'Universal Render Pipeline/Particles/Lit': fallback shader 'Universal Render Pipeline/Particles/SimpleLit' not found
Initialize mono
Mono path[0] = 'C:/Users/Andru/Downloads/2020.2.6f1/Editor/Data/Managed'
Mono path[1] = 'C:/Users/Andru/Downloads/2020.2.6f1/Editor/Data/MonoBleedingEdge/lib/mono/unityjit'
Mono config path = 'C:/Users/Andru/Downloads/2020.2.6f1/Editor/Data/MonoBleedingEdge/etc'
Using monoOptions --debugger-agent=transport=dt_socket,embedding=1,server=y,suspend=n,address=127.0.0.1:56000
Begin MonoManager ReloadAssembly
Registering precompiled unity dll's ...
Register platform support module: C:/Users/Andru/Downloads/2020.2.6f1/Editor/Data/PlaybackEngines/WindowsStandaloneSupport/UnityEditor.WindowsStandalone.Extensions.dll
Registered in 0.001408 seconds.
Native extension for WindowsStandalone target not found
Refreshing native plugins compatible for Editor in 37.61 ms, found 0 plugins.
Preloading 0 native plugins for Editor in 0.00 ms.
Invoked RoslynAnalysisRunner static constructor.
RoslynAnalysisRunner will not be running.
RoslynAnalysisRunner has terminated.
Mono: successfully reloaded assembly
- Completed reload, in  0.801 seconds
Platform modules already initialized, skipping
Registering precompiled user dll's ...
Registered in 0.001020 seconds.
Begin MonoManager ReloadAssembly
Native extension for WindowsStandalone target not found
Refreshing native plugins compatible for Editor in 38.57 ms, found 0 plugins.
Preloading 0 native plugins for Editor in 0.00 ms.
Invoked RoslynAnalysisRunner static constructor.
RoslynAnalysisRunner will not be running.
RoslynAnalysisRunner has terminated.
Mono: successfully reloaded assembly
- Completed reload, in  0.743 seconds
Platform modules already initialized, skipping
========================================================================
Worker process is ready to serve import requests
Shader 'Universal Render Pipeline/Particles/Lit': fallback shader 'Universal Render Pipeline/Particles/SimpleLit' not found
Launched and connected shader compiler UnityShaderCompiler.exe after 0.03 seconds
Refreshing native plugins compatible for Editor in 0.39 ms, found 0 plugins.
Preloading 0 native plugins for Editor in 0.00 ms.
Unloading 2637 Unused Serialized files (Serialized files now loaded: 0)
System memory in use before: 122.6 MB.
System memory in use after: 122.8 MB.

Unloading 12 unused Assets to reduce memory usage. Loaded Objects now: 3085.
Total: 2.283100 ms (FindLiveObjects: 0.401700 ms CreateObjectMapping: 0.187700 ms MarkObjects: 1.616800 ms  DeleteObjects: 0.075900 ms)

========================================================================
Received Import Request.
  path: Assets/ppp.asset
  artifactKey: Guid(b635d94d76d303044b6f2c82679766be) Importer(815301076,1909f56bfc062723c751e8b465ee728b)
Start importing Assets/ppp.asset using Guid(b635d94d76d303044b6f2c82679766be) Importer(815301076,1909f56bfc062723c751e8b465ee728b)  -> (artifact id: '4f4074808a4f3fc687a3ce405d010b9b') in 0.030579 seconds
  Import took 0.033819 seconds .

========================================================================
Received Import Request.
  Time since last request: 15.627009 seconds.
  path: Assets/ppp.asset
  artifactKey: Guid(b635d94d76d303044b6f2c82679766be) Importer(815301076,1909f56bfc062723c751e8b465ee728b)
Start importing Assets/ppp.asset using Guid(b635d94d76d303044b6f2c82679766be) Importer(815301076,1909f56bfc062723c751e8b465ee728b)  -> (artifact id: 'cd44a1ced9c475cb1ec264a62ad97231') in 0.007909 seconds
  Import took 0.011111 seconds .

========================================================================
Received Import Request.
  Time since last request: 51.445982 seconds.
  path: ProjectSettings/TagManager.asset
  artifactKey: Guid(00000000000000003000000000000000) Importer(815301076,1909f56bfc062723c751e8b465ee728b)
Start importing ProjectSettings/TagManager.asset using Guid(00000000000000003000000000000000) Importer(815301076,1909f56bfc062723c751e8b465ee728b)  -> (artifact id: 'b2dee9ced0a85d274b96b1466a3268ad') in 0.004959 seconds
  Import took 0.008264 seconds .

========================================================================
Received Import Request.
  Time since last request: 0.000915 seconds.
  path: ProjectSettings/TagManager.asset
  artifactKey: Guid(00000000000000003000000000000000) Importer(815301076,1909f56bfc062723c751e8b465ee728b)
Start importing ProjectSettings/TagManager.asset using Guid(00000000000000003000000000000000) Importer(815301076,1909f56bfc062723c751e8b465ee728b)  -> (artifact id: 'b2dee9ced0a85d274b96b1466a3268ad') in 0.002421 seconds
  Import took 0.005330 seconds .

========================================================================
Received Prepare
Registering precompiled user dll's ...
Registered in 0.001073 seconds.
Begin MonoManager ReloadAssembly
Native extension for WindowsStandalone target not found
Refreshing native plugins compatible for Editor in 0.40 ms, found 0 plugins.
Preloading 0 native plugins for Editor in 0.00 ms.
Invoked RoslynAnalysisRunner static constructor.
RoslynAnalysisRunner will not be running.
RoslynAnalysisRunner has terminated.
Mono: successfully reloaded assembly
- Completed reload, in  0.664 seconds
Platform modules already initialized, skipping
Shader 'Universal Render Pipeline/Particles/Lit': fallback shader 'Universal Render Pipeline/Particles/SimpleLit' not found
Refreshing native plugins compatible for Editor in 0.39 ms, found 0 plugins.
Preloading 0 native plugins for Editor in 0.00 ms.
Unloading 2543 Unused Serialized files (Serialized files now loaded: 0)
System memory in use before: 115.7 MB.
System memory in use after: 115.9 MB.

Unloading 9 unused Assets to reduce memory usage. Loaded Objects now: 3087.
Total: 1.676100 ms (FindLiveObjects: 0.232500 ms CreateObjectMapping: 0.115900 ms MarkObjects: 1.280200 ms  DeleteObjects: 0.046900 ms)

========================================================================
Received Import Request.
  Time since last request: 134.165995 seconds.
  path: Assets/ppp.asset
  artifactKey: Guid(b635d94d76d303044b6f2c82679766be) Importer(815301076,1909f56bfc062723c751e8b465ee728b)
Start importing Assets/ppp.asset using Guid(b635d94d76d303044b6f2c82679766be) Importer(815301076,1909f56bfc062723c751e8b465ee728b)  -> (artifact id: 'dd5206a0b238f7a9149430bd0ef082b0') in 0.020609 seconds
  Import took 0.023730 seconds .

========================================================================
Received Prepare
Registering precompiled user dll's ...
Registered in 0.000935 seconds.
Begin MonoManager ReloadAssembly
Native extension for WindowsStandalone target not found
Refreshing native plugins compatible for Editor in 0.38 ms, found 0 plugins.
Preloading 0 native plugins for Editor in 0.00 ms.
Invoked RoslynAnalysisRunner static constructor.
RoslynAnalysisRunner will not be running.
RoslynAnalysisRunner has terminated.
Mono: successfully reloaded assembly
- Completed reload, in  0.658 seconds
Platform modules already initialized, skipping
Shader 'Universal Render Pipeline/Particles/Lit': fallback shader 'Universal Render Pipeline/Particles/SimpleLit' not found
Refreshing native plugins compatible for Editor in 0.39 ms, found 0 plugins.
Preloading 0 native plugins for Editor in 0.00 ms.
Unloading 2543 Unused Serialized files (Serialized files now loaded: 0)
System memory in use before: 115.7 MB.
System memory in use after: 115.9 MB.

Unloading 7 unused Assets to reduce memory usage. Loaded Objects now: 3089.
Total: 1.936400 ms (FindLiveObjects: 0.295700 ms CreateObjectMapping: 0.108500 ms MarkObjects: 1.485800 ms  DeleteObjects: 0.045700 ms)

========================================================================
Received Import Request.
  Time since last request: 51.589838 seconds.
  path: Assets/ppp.asset
  artifactKey: Guid(b635d94d76d303044b6f2c82679766be) Importer(815301076,1909f56bfc062723c751e8b465ee728b)
Start importing Assets/ppp.asset using Guid(b635d94d76d303044b6f2c82679766be) Importer(815301076,1909f56bfc062723c751e8b465ee728b)  -> (artifact id: 'ef9693d3d7237ae76869e978e5a14aed') in 0.021650 seconds
  Import took 0.024678 seconds .

========================================================================
Received Prepare
Registering precompiled user dll's ...
Registered in 0.001113 seconds.
Begin MonoManager ReloadAssembly
Native extension for WindowsStandalone target not found
Refreshing native plugins compatible for Editor in 0.39 ms, found 0 plugins.
Preloading 0 native plugins for Editor in 0.00 ms.
Invoked RoslynAnalysisRunner static constructor.
RoslynAnalysisRunner will not be running.
RoslynAnalysisRunner has terminated.
Mono: successfully reloaded assembly
- Completed reload, in  0.652 seconds
Platform modules already initialized, skipping
Shader 'Universal Render Pipeline/Particles/Lit': fallback shader 'Universal Render Pipeline/Particles/SimpleLit' not found
Refreshing native plugins compatible for Editor in 0.38 ms, found 0 plugins.
Preloading 0 native plugins for Editor in 0.00 ms.
Unloading 2543 Unused Serialized files (Serialized files now loaded: 0)
System memory in use before: 115.8 MB.
System memory in use after: 116.0 MB.

Unloading 7 unused Assets to reduce memory usage. Loaded Objects now: 3091.
Total: 1.723200 ms (FindLiveObjects: 0.234100 ms CreateObjectMapping: 0.118800 ms MarkObjects: 1.326400 ms  DeleteObjects: 0.043400 ms)

========================================================================
Received Import Request.
  Time since last request: 27.081100 seconds.
  path: Assets/ppp.asset
  artifactKey: Guid(b635d94d76d303044b6f2c82679766be) Importer(815301076,1909f56bfc062723c751e8b465ee728b)
Start importing Assets/ppp.asset using Guid(b635d94d76d303044b6f2c82679766be) Importer(815301076,1909f56bfc062723c751e8b465ee728b)  -> (artifact id: 'bd88f7d6e26fff221f4e880f41f6a7ca') in 0.020810 seconds
  Import took 0.023886 seconds .

========================================================================
Received Import Request.
  Time since last request: 155.595608 seconds.
  path: Assets/ppp.asset
  artifactKey: Guid(b635d94d76d303044b6f2c82679766be) Importer(815301076,1909f56bfc062723c751e8b465ee728b)
Start importing Assets/ppp.asset using Guid(b635d94d76d303044b6f2c82679766be) Importer(815301076,1909f56bfc062723c751e8b465ee728b)  -> (artifact id: '55ab4368ba5059b995c7aac5949f180e') in 0.003144 seconds
  Import took 0.006632 seconds .

========================================================================
Received Import Request.
  Time since last request: 8.385427 seconds.
  path: Assets/ppp.asset
  artifactKey: Guid(b635d94d76d303044b6f2c82679766be) Importer(815301076,1909f56bfc062723c751e8b465ee728b)
Start importing Assets/ppp.asset using Guid(b635d94d76d303044b6f2c82679766be) Importer(815301076,1909f56bfc062723c751e8b465ee728b)  -> (artifact id: '4692ab36f9282b60d24c38bce3443db7') in 0.003668 seconds
  Import took 0.006839 seconds .

========================================================================
Received Prepare
Registering precompiled user dll's ...
Registered in 0.001021 seconds.
Begin MonoManager ReloadAssembly
Native extension for WindowsStandalone target not found
Refreshing native plugins compatible for Editor in 0.43 ms, found 0 plugins.
Preloading 0 native plugins for Editor in 0.00 ms.
Invoked RoslynAnalysisRunner static constructor.
RoslynAnalysisRunner will not be running.
RoslynAnalysisRunner has terminated.
Mono: successfully reloaded assembly
- Completed reload, in  0.658 seconds
Platform modules already initialized, skipping
Shader 'Universal Render Pipeline/Particles/Lit': fallback shader 'Universal Render Pipeline/Particles/SimpleLit' not found
Refreshing native plugins compatible for Editor in 0.41 ms, found 0 plugins.
Preloading 0 native plugins for Editor in 0.00 ms.
Unloading 2543 Unused Serialized files (Serialized files now loaded: 0)
System memory in use before: 115.8 MB.
System memory in use after: 116.0 MB.

Unloading 7 unused Assets to reduce memory usage. Loaded Objects now: 3093.
Total: 1.667900 ms (FindLiveObjects: 0.215200 ms CreateObjectMapping: 0.106100 ms MarkObjects: 1.296600 ms  DeleteObjects: 0.049400 ms)

========================================================================
Received Import Request.
  Time since last request: 62.564565 seconds.
  path: Assets/ppp.asset
  artifactKey: Guid(b635d94d76d303044b6f2c82679766be) Importer(815301076,1909f56bfc062723c751e8b465ee728b)
Start importing Assets/ppp.asset using Guid(b635d94d76d303044b6f2c82679766be) Importer(815301076,1909f56bfc062723c751e8b465ee728b)  -> (artifact id: 'bbfcb8490cc14fa4bb15cf4886d697a1') in 0.022848 seconds
  Import took 0.025867 seconds .

========================================================================
Received Import Request.
  Time since last request: 46.680805 seconds.
  path: Assets/FarlandSkies/Skyboxes/CloudyCrown_04_Sunset/Textures/CloudyCrown_Sunset_Left.png
  artifactKey: Guid(3a1c3cd9f2f146245be4af3a1123a528) Importer(815301076,1909f56bfc062723c751e8b465ee728b)
Start importing Assets/FarlandSkies/Skyboxes/CloudyCrown_04_Sunset/Textures/CloudyCrown_Sunset_Left.png using Guid(3a1c3cd9f2f146245be4af3a1123a528) Importer(815301076,1909f56bfc062723c751e8b465ee728b)  -> (artifact id: 'b148ed14349fd7a716bf36774d9085be') in 0.086228 seconds
  Import took 0.089440 seconds .

========================================================================
Received Import Request.
  Time since last request: 0.000122 seconds.
  path: Assets/FarlandSkies/Demo/Textures/grid_black_128.psd
  artifactKey: Guid(3833a7e6653de9049bfaf69e25deaf66) Importer(815301076,1909f56bfc062723c751e8b465ee728b)
Start importing Assets/FarlandSkies/Demo/Textures/grid_black_128.psd using Guid(3833a7e6653de9049bfaf69e25deaf66) Importer(815301076,1909f56bfc062723c751e8b465ee728b)  -> (artifact id: '42fcb7ac83799075e3cf86b63aa62506') in 0.019671 seconds
  Import took 0.023044 seconds .

========================================================================
Received Import Request.
  Time since last request: 0.000160 seconds.
  path: Assets/Free Low Poly Desert Pack/Materials/Texture/Desert Sand.png
  artifactKey: Guid(c6ed0c6463040474c886353259dafc29) Importer(815301076,1909f56bfc062723c751e8b465ee728b)
Start importing Assets/Free Low Poly Desert Pack/Materials/Texture/Desert Sand.png using Guid(c6ed0c6463040474c886353259dafc29) Importer(815301076,1909f56bfc062723c751e8b465ee728b)  -> (artifact id: '8dfccd2be0928679edfcd967b23aa7f5') in 0.015362 seconds
  Import took 0.018453 seconds .

========================================================================
Received Import Request.
  Time since last request: 0.000208 seconds.
  path: Assets/FarlandSkies/Skyboxes/CloudyCrown_04_Sunset/Textures/CloudyCrown_Sunset_Left.png
  artifactKey: Guid(3a1c3cd9f2f146245be4af3a1123a528) Importer(815301076,1909f56bfc062723c751e8b465ee728b)
Start importing Assets/FarlandSkies/Skyboxes/CloudyCrown_04_Sunset/Textures/CloudyCrown_Sunset_Left.png using Guid(3a1c3cd9f2f146245be4af3a1123a528) Importer(815301076,1909f56bfc062723c751e8b465ee728b)  -> (artifact id: 'b148ed14349fd7a716bf36774d9085be') in 0.011209 seconds
  Import took 0.014231 seconds .

========================================================================
Received Import Request.
  Time since last request: 0.000184 seconds.
  path: Assets/BrokenVector/LowPolyCarPack/Palettes/Palette_Green.png
  artifactKey: Guid(6669a8090d705f14593e50a03512ee8d) Importer(815301076,1909f56bfc062723c751e8b465ee728b)
Start importing Assets/BrokenVector/LowPolyCarPack/Palettes/Palette_Green.png using Guid(6669a8090d705f14593e50a03512ee8d) Importer(815301076,1909f56bfc062723c751e8b465ee728b)  -> (artifact id: '9a32b4abdbe5f44bcfda90bdaba09ec1') in 0.018106 seconds
  Import took 0.021248 seconds .

========================================================================
Received Import Request.
  Time since last request: 0.000121 seconds.
  path: Assets/BrokenVector/LowPolyCarPack/Palettes/Palette_Purple.png
  artifactKey: Guid(03b0cab94769f0648b774960f999f527) Importer(815301076,1909f56bfc062723c751e8b465ee728b)
Start importing Assets/BrokenVector/LowPolyCarPack/Palettes/Palette_Purple.png using Guid(03b0cab94769f0648b774960f999f527) Importer(815301076,1909f56bfc062723c751e8b465ee728b)  -> (artifact id: '9636dd2e49c4c884af7a32161db6f590') in 0.014555 seconds
  Import took 0.017438 seconds .

========================================================================
Received Import Request.
  Time since last request: 0.000152 seconds.
  path: Assets/FarlandSkies/Skyboxes/CloudyCrown_04_Sunset/Textures/CloudyCrown_Sunset_Right.png
  artifactKey: Guid(7f934c5ce832dfb4991233d48e1cd7e1) Importer(815301076,1909f56bfc062723c751e8b465ee728b)
Start importing Assets/FarlandSkies/Skyboxes/CloudyCrown_04_Sunset/Textures/CloudyCrown_Sunset_Right.png using Guid(7f934c5ce832dfb4991233d48e1cd7e1) Importer(815301076,1909f56bfc062723c751e8b465ee728b)  -> (artifact id: '616b59998f249ef4d72f9c03de99fb89') in 0.018518 seconds
  Import took 0.021378 seconds .

========================================================================
Received Import Request.
  Time since last request: 0.000123 seconds.
  path: Assets/Free Low Poly Desert Pack/Materials/Texture/Colors.png
  artifactKey: Guid(d304cb8c02935cc4e95da09e55425841) Importer(815301076,1909f56bfc062723c751e8b465ee728b)
Start importing Assets/Free Low Poly Desert Pack/Materials/Texture/Colors.png using Guid(d304cb8c02935cc4e95da09e55425841) Importer(815301076,1909f56bfc062723c751e8b465ee728b)  -> (artifact id: 'ba1a2477ec57ac70bbd70a8c66289044') in 0.019020 seconds
  Import took 0.021965 seconds .

========================================================================
Received Import Request.
  Time since last request: 0.000118 seconds.
  path: Assets/BrokenVector/LowPolyCarPack/Palettes/Palette_Blue.png
  artifactKey: Guid(30b1dd504034b9740bad962ec4c5ab90) Importer(815301076,1909f56bfc062723c751e8b465ee728b)
Start importing Assets/BrokenVector/LowPolyCarPack/Palettes/Palette_Blue.png using Guid(30b1dd504034b9740bad962ec4c5ab90) Importer(815301076,1909f56bfc062723c751e8b465ee728b)  -> (artifact id: '96b220d68fb141cabc103160276af66e') in 0.014160 seconds
  Import took 0.017099 seconds .

========================================================================
Received Import Request.
  Time since last request: 0.000152 seconds.
  path: Assets/FarlandSkies/Skyboxes/CloudyCrown_04_Sunset/Textures/CloudyCrown_Sunset_Up.png
  artifactKey: Guid(53897097b1cb7644eb130bc157b99eaf) Importer(815301076,1909f56bfc062723c751e8b465ee728b)
Start importing Assets/FarlandSkies/Skyboxes/CloudyCrown_04_Sunset/Textures/CloudyCrown_Sunset_Up.png using Guid(53897097b1cb7644eb130bc157b99eaf) Importer(815301076,1909f56bfc062723c751e8b465ee728b)  -> (artifact id: '8a709520fad408c782ea49142587355b') in 0.018106 seconds
  Import took 0.021019 seconds .

========================================================================
Received Import Request.
  Time since last request: 1.118388 seconds.
  path: Assets/FarlandSkies/Skyboxes/CloudyCrown_04_Sunset/Textures/CloudyCrown_Sunset_Down.png
  artifactKey: Guid(dd10416b224641b459fe04b5eb7aec37) Importer(815301076,1909f56bfc062723c751e8b465ee728b)
Start importing Assets/FarlandSkies/Skyboxes/CloudyCrown_04_Sunset/Textures/CloudyCrown_Sunset_Down.png using Guid(dd10416b224641b459fe04b5eb7aec37) Importer(815301076,1909f56bfc062723c751e8b465ee728b)  -> (artifact id: '366b4471af0e4d0a4a23773c12a52685') in 0.028357 seconds
  Import took 0.031512 seconds .

========================================================================
Received Import Request.
  Time since last request: 0.000183 seconds.
  path: Assets/FarlandSkies/Skyboxes/CloudyCrown_03_Midnight/Textures/CloudyCrown_Midnight_Up.png
  artifactKey: Guid(3af6f93d7b7b2b842ae6ac2a4e817fd4) Importer(815301076,1909f56bfc062723c751e8b465ee728b)
Start importing Assets/FarlandSkies/Skyboxes/CloudyCrown_03_Midnight/Textures/CloudyCrown_Midnight_Up.png using Guid(3af6f93d7b7b2b842ae6ac2a4e817fd4) Importer(815301076,1909f56bfc062723c751e8b465ee728b)  -> (artifact id: 'edfe3053e16f689df49fef48deb5f302') in 0.017689 seconds
  Import took 0.020574 seconds .

========================================================================
Received Import Request.
  Time since last request: 0.000163 seconds.
  path: Assets/FarlandSkies/Skyboxes/CloudyCrown_04_Sunset/Textures/CloudyCrown_Sunset_Front.png
  artifactKey: Guid(438f35e5e8d7c0c42aee582a2e2ec8e8) Importer(815301076,1909f56bfc062723c751e8b465ee728b)
Start importing Assets/FarlandSkies/Skyboxes/CloudyCrown_04_Sunset/Textures/CloudyCrown_Sunset_Front.png using Guid(438f35e5e8d7c0c42aee582a2e2ec8e8) Importer(815301076,1909f56bfc062723c751e8b465ee728b)  -> (artifact id: 'e14b4d135fba47fc5b9d3a052f444c98') in 0.019120 seconds
  Import took 0.022117 seconds .

========================================================================
Received Import Request.
  Time since last request: 0.000154 seconds.
  path: Assets/FarlandSkies/Skyboxes/CloudyCrown_03_Midnight/Textures/CloudyCrown_Midnight_Right.png
  artifactKey: Guid(8c84ddb32342f7a409915f46705fcc5a) Importer(815301076,1909f56bfc062723c751e8b465ee728b)
Start importing Assets/FarlandSkies/Skyboxes/CloudyCrown_03_Midnight/Textures/CloudyCrown_Midnight_Right.png using Guid(8c84ddb32342f7a409915f46705fcc5a) Importer(815301076,1909f56bfc062723c751e8b465ee728b)  -> (artifact id: 'b75055dc31dee33b9ee4db305463f9f1') in 0.017844 seconds
  Import took 0.020791 seconds .

========================================================================
Received Import Request.
  Time since last request: 0.000164 seconds.
  path: Assets/FarlandSkies/Skyboxes/CloudyCrown_04_Sunset/Textures/CloudyCrown_Sunset_Back.png
  artifactKey: Guid(fb83d65eeed886840908f1c4482ffbe4) Importer(815301076,1909f56bfc062723c751e8b465ee728b)
Start importing Assets/FarlandSkies/Skyboxes/CloudyCrown_04_Sunset/Textures/CloudyCrown_Sunset_Back.png using Guid(fb83d65eeed886840908f1c4482ffbe4) Importer(815301076,1909f56bfc062723c751e8b465ee728b)  -> (artifact id: '168f6b6a7dedb9b4b1aca8a3eadcb16a') in 0.018076 seconds
  Import took 0.021050 seconds .

========================================================================
Received Import Request.
  Time since last request: 0.000151 seconds.
  path: Assets/FarlandSkies/Skyboxes/CloudyCrown_03_Midnight/Textures/CloudyCrown_Midnight_Down.png
  artifactKey: Guid(c78764efdf38d934da9064e52fdd1357) Importer(815301076,1909f56bfc062723c751e8b465ee728b)
Start importing Assets/FarlandSkies/Skyboxes/CloudyCrown_03_Midnight/Textures/CloudyCrown_Midnight_Down.png using Guid(c78764efdf38d934da9064e52fdd1357) Importer(815301076,1909f56bfc062723c751e8b465ee728b)  -> (artifact id: '7ce632c0f96dec5766a82f6ebbd08d46') in 0.024209 seconds
  Import took 0.027112 seconds .

========================================================================
Received Import Request.
  Time since last request: 0.000151 seconds.
  path: Assets/FarlandSkies/Skyboxes/CloudyCrown_03_Midnight/Textures/CloudyCrown_Midnight_Front.png
  artifactKey: Guid(6c2f5f53cf8256c42b90da9a536584c5) Importer(815301076,1909f56bfc062723c751e8b465ee728b)
Start importing Assets/FarlandSkies/Skyboxes/CloudyCrown_03_Midnight/Textures/CloudyCrown_Midnight_Front.png using Guid(6c2f5f53cf8256c42b90da9a536584c5) Importer(815301076,1909f56bfc062723c751e8b465ee728b)  -> (artifact id: '0b0750953aaf59f652c151edb3fc3c52') in 0.021834 seconds
  Import took 0.024652 seconds .

========================================================================
Received Import Request.
  Time since last request: 0.000154 seconds.
  path: Assets/FarlandSkies/Skyboxes/CloudyCrown_03_Midnight/Textures/CloudyCrown_Midnight_Left.png
  artifactKey: Guid(d349eb2db22ec0746a14ade881ac087f) Importer(815301076,1909f56bfc062723c751e8b465ee728b)
Start importing Assets/FarlandSkies/Skyboxes/CloudyCrown_03_Midnight/Textures/CloudyCrown_Midnight_Left.png using Guid(d349eb2db22ec0746a14ade881ac087f) Importer(815301076,1909f56bfc062723c751e8b465ee728b)  -> (artifact id: '543b1fbcbf8ff57b7db17d4ef10d7f01') in 0.022209 seconds
  Import took 0.025100 seconds .

========================================================================
Received Import Request.
  Time since last request: 0.097029 seconds.
  path: Assets/FarlandSkies/Skyboxes/CloudyCrown_01_Midday/Textures/CloudyCrown_Midday_Up.png
  artifactKey: Guid(4e02df907356e0848a5d76021b80192a) Importer(815301076,1909f56bfc062723c751e8b465ee728b)
Start importing Assets/FarlandSkies/Skyboxes/CloudyCrown_01_Midday/Textures/CloudyCrown_Midday_Up.png using Guid(4e02df907356e0848a5d76021b80192a) Importer(815301076,1909f56bfc062723c751e8b465ee728b)  -> (artifact id: 'b786fc05cecc82a3ecccbd8bca94e492') in 0.030699 seconds
  Import took 0.033819 seconds .

========================================================================
Received Import Request.
  Time since last request: 0.000114 seconds.
  path: Assets/FarlandSkies/Skyboxes/CloudyCrown_03_Midnight/Textures/CloudyCrown_Midnight_Back.png
  artifactKey: Guid(da973bcda49f771409235bfe5c155ce0) Importer(815301076,1909f56bfc062723c751e8b465ee728b)
Start importing Assets/FarlandSkies/Skyboxes/CloudyCrown_03_Midnight/Textures/CloudyCrown_Midnight_Back.png using Guid(da973bcda49f771409235bfe5c155ce0) Importer(815301076,1909f56bfc062723c751e8b465ee728b)  -> (artifact id: 'ab634bd48b8224e752bf908697fc2f17') in 0.020145 seconds
  Import took 0.023019 seconds .

========================================================================
Received Import Request.
  Time since last request: 0.000128 seconds.
  path: Assets/FarlandSkies/Skyboxes/CloudyCrown_01_Midday/Textures/CloudyCrown_Midday_Left.png
  artifactKey: Guid(fd5f7c807ca1ea643b0ae501ff889a70) Importer(815301076,1909f56bfc062723c751e8b465ee728b)
Start importing Assets/FarlandSkies/Skyboxes/CloudyCrown_01_Midday/Textures/CloudyCrown_Midday_Left.png using Guid(fd5f7c807ca1ea643b0ae501ff889a70) Importer(815301076,1909f56bfc062723c751e8b465ee728b)  -> (artifact id: '141a8cda42ae0c42d842648dbc482ec9') in 0.021242 seconds
  Import took 0.024070 seconds .

========================================================================
Received Import Request.
  Time since last request: 0.000122 seconds.
  path: Assets/FarlandSkies/Skyboxes/CloudyCrown_01_Midday/Textures/CloudyCrown_Midday_Right.png
  artifactKey: Guid(14877617607f5fb47af48fcd766426ad) Importer(815301076,1909f56bfc062723c751e8b465ee728b)
Start importing Assets/FarlandSkies/Skyboxes/CloudyCrown_01_Midday/Textures/CloudyCrown_Midday_Right.png using Guid(14877617607f5fb47af48fcd766426ad) Importer(815301076,1909f56bfc062723c751e8b465ee728b)  -> (artifact id: '8cf3d987ac8787e8ae1b9717d4d3ec22') in 0.020308 seconds
  Import took 0.023290 seconds .

========================================================================
Received Import Request.
  Time since last request: 0.119582 seconds.
  path: Assets/FarlandSkies/Skyboxes/CloudyCrown_01_Midday/Textures/CloudyCrown_Midday_Down.png
  artifactKey: Guid(b064041c87bd8fb4ba2c21aa4863127e) Importer(815301076,1909f56bfc062723c751e8b465ee728b)
Start importing Assets/FarlandSkies/Skyboxes/CloudyCrown_01_Midday/Textures/CloudyCrown_Midday_Down.png using Guid(b064041c87bd8fb4ba2c21aa4863127e) Importer(815301076,1909f56bfc062723c751e8b465ee728b)  -> (artifact id: 'fc1aacae747b2a2c67cc989b9b02055f') in 0.018310 seconds
  Import took 0.021540 seconds .

========================================================================
Received Import Request.
  Time since last request: 0.000162 seconds.
  path: Assets/FarlandSkies/Skyboxes/CloudyCrown_02_Evening/Textures/CloudyCrown_Evening_Up.png
  artifactKey: Guid(3157d3aa6a8bd694e9cc4c05e3303c06) Importer(815301076,1909f56bfc062723c751e8b465ee728b)
Start importing Assets/FarlandSkies/Skyboxes/CloudyCrown_02_Evening/Textures/CloudyCrown_Evening_Up.png using Guid(3157d3aa6a8bd694e9cc4c05e3303c06) Importer(815301076,1909f56bfc062723c751e8b465ee728b)  -> (artifact id: 'f4b4857ab299c49a76699bc69d24c451') in 0.021393 seconds
  Import took 0.024233 seconds .

========================================================================
Received Import Request.
  Time since last request: 0.000142 seconds.
  path: Assets/FarlandSkies/Skyboxes/CloudyCrown_01_Midday/Textures/CloudyCrown_Midday_Back.png
  artifactKey: Guid(fd76a3d85fa584e42834036916a79b6b) Importer(815301076,1909f56bfc062723c751e8b465ee728b)
Start importing Assets/FarlandSkies/Skyboxes/CloudyCrown_01_Midday/Textures/CloudyCrown_Midday_Back.png using Guid(fd76a3d85fa584e42834036916a79b6b) Importer(815301076,1909f56bfc062723c751e8b465ee728b)  -> (artifact id: 'bdeedd7c5965e9ac6830f0fddb8dbb29') in 0.017155 seconds
  Import took 0.020146 seconds .

========================================================================
Received Import Request.
  Time since last request: 0.000129 seconds.
  path: Assets/FarlandSkies/Skyboxes/CloudyCrown_01_Midday/Textures/CloudyCrown_Midday_Front.png
  artifactKey: Guid(dffdb4378818bc5469033648c57bd0b1) Importer(815301076,1909f56bfc062723c751e8b465ee728b)
Start importing Assets/FarlandSkies/Skyboxes/CloudyCrown_01_Midday/Textures/CloudyCrown_Midday_Front.png using Guid(dffdb4378818bc5469033648c57bd0b1) Importer(815301076,1909f56bfc062723c751e8b465ee728b)  -> (artifact id: 'bd95a009d173a7e735c23ebe73418e92') in 0.017642 seconds
  Import took 0.020469 seconds .

========================================================================
Received Import Request.
  Time since last request: 0.000121 seconds.
  path: Assets/FarlandSkies/Skyboxes/CloudyCrown_02_Evening/Textures/CloudyCrown_Evening_Right.png
  artifactKey: Guid(f33d9e3a86071394c83b568257570dd5) Importer(815301076,1909f56bfc062723c751e8b465ee728b)
Start importing Assets/FarlandSkies/Skyboxes/CloudyCrown_02_Evening/Textures/CloudyCrown_Evening_Right.png using Guid(f33d9e3a86071394c83b568257570dd5) Importer(815301076,1909f56bfc062723c751e8b465ee728b)  -> (artifact id: 'a09f394a9eb75ca339fab543448676bd') in 0.016943 seconds
  Import took 0.019878 seconds .

========================================================================
Received Import Request.
  Time since last request: 0.000147 seconds.
  path: Assets/FarlandSkies/Skyboxes/CloudyCrown_05_Daybreak/Textures/CloudyCrown_Daybreak_Up.png
  artifactKey: Guid(2037768ff8c6b6845a0eac7217b4ba18) Importer(815301076,1909f56bfc062723c751e8b465ee728b)
Start importing Assets/FarlandSkies/Skyboxes/CloudyCrown_05_Daybreak/Textures/CloudyCrown_Daybreak_Up.png using Guid(2037768ff8c6b6845a0eac7217b4ba18) Importer(815301076,1909f56bfc062723c751e8b465ee728b)  -> (artifact id: 'daa1755c6b8f2be8eb08506d96f73da6') in 0.011365 seconds
  Import took 0.014204 seconds .

========================================================================
Received Import Request.
  Time since last request: 0.000123 seconds.
  path: Assets/FarlandSkies/Skyboxes/CloudyCrown_02_Evening/Textures/CloudyCrown_Evening_Back.png
  artifactKey: Guid(87bee338d047997489ce40bc10f18466) Importer(815301076,1909f56bfc062723c751e8b465ee728b)
Start importing Assets/FarlandSkies/Skyboxes/CloudyCrown_02_Evening/Textures/CloudyCrown_Evening_Back.png using Guid(87bee338d047997489ce40bc10f18466) Importer(815301076,1909f56bfc062723c751e8b465ee728b)  -> (artifact id: '1ed662859184b817e683b06bb102477a') in 0.017054 seconds
  Import took 0.019965 seconds .

========================================================================
Received Import Request.
  Time since last request: 0.000119 seconds.
  path: Assets/FarlandSkies/Skyboxes/CloudyCrown_02_Evening/Textures/CloudyCrown_Evening_Front.png
  artifactKey: Guid(1333dafd22b43974091d9c55f2169cde) Importer(815301076,1909f56bfc062723c751e8b465ee728b)
Start importing Assets/FarlandSkies/Skyboxes/CloudyCrown_02_Evening/Textures/CloudyCrown_Evening_Front.png using Guid(1333dafd22b43974091d9c55f2169cde) Importer(815301076,1909f56bfc062723c751e8b465ee728b)  -> (artifact id: '7e3f0f41e9e3efab7ce987088b01e420') in 0.017380 seconds
  Import took 0.020233 seconds .

========================================================================
Received Import Request.
  Time since last request: 0.000131 seconds.
  path: Assets/FarlandSkies/Skyboxes/CloudyCrown_02_Evening/Textures/CloudyCrown_Evening_Back.png
  artifactKey: Guid(87bee338d047997489ce40bc10f18466) Importer(815301076,1909f56bfc062723c751e8b465ee728b)
Start importing Assets/FarlandSkies/Skyboxes/CloudyCrown_02_Evening/Textures/CloudyCrown_Evening_Back.png using Guid(87bee338d047997489ce40bc10f18466) Importer(815301076,1909f56bfc062723c751e8b465ee728b)  -> (artifact id: '1ed662859184b817e683b06bb102477a') in 0.005686 seconds
  Import took 0.008634 seconds .

========================================================================
Received Import Request.
  Time since last request: 0.000120 seconds.
  path: Assets/FarlandSkies/Skyboxes/CloudyCrown_02_Evening/Textures/CloudyCrown_Evening_Down.png
  artifactKey: Guid(1fe26ef1655e3424b8a9a77e4ef0523d) Importer(815301076,1909f56bfc062723c751e8b465ee728b)
Start importing Assets/FarlandSkies/Skyboxes/CloudyCrown_02_Evening/Textures/CloudyCrown_Evening_Down.png using Guid(1fe26ef1655e3424b8a9a77e4ef0523d) Importer(815301076,1909f56bfc062723c751e8b465ee728b)  -> (artifact id: 'e697e4a2000f5d0e0ba5593292d3c43f') in 0.017166 seconds
  Import took 0.020104 seconds .

========================================================================
Received Import Request.
  Time since last request: 0.000120 seconds.
  path: Assets/FarlandSkies/Skyboxes/CloudyCrown_02_Evening/Textures/CloudyCrown_Evening_Left.png
  artifactKey: Guid(90494e0797812be488f2fbe703461966) Importer(815301076,1909f56bfc062723c751e8b465ee728b)
Start importing Assets/FarlandSkies/Skyboxes/CloudyCrown_02_Evening/Textures/CloudyCrown_Evening_Left.png using Guid(90494e0797812be488f2fbe703461966) Importer(815301076,1909f56bfc062723c751e8b465ee728b)  -> (artifact id: '2491a92eb3172233447f255940eae663') in 0.017431 seconds
  Import took 0.020331 seconds .

========================================================================
Received Import Request.
  Time since last request: 0.027034 seconds.
  path: Assets/FarlandSkies/Skyboxes/CloudyCrown_05_Daybreak/Textures/CloudyCrown_Daybreak_Left.png
  artifactKey: Guid(4bc70c48f58c2c44bb60f3c8719f38c7) Importer(815301076,1909f56bfc062723c751e8b465ee728b)
Start importing Assets/FarlandSkies/Skyboxes/CloudyCrown_05_Daybreak/Textures/CloudyCrown_Daybreak_Left.png using Guid(4bc70c48f58c2c44bb60f3c8719f38c7) Importer(815301076,1909f56bfc062723c751e8b465ee728b)  -> (artifact id: 'b2e051f8eed0b26fe8820d57ec681488') in 0.012728 seconds
  Import took 0.015914 seconds .

========================================================================
Received Import Request.
  Time since last request: 0.000166 seconds.
  path: Assets/FarlandSkies/Skyboxes/CloudyCrown_05_Daybreak/Textures/CloudyCrown_Daybreak_Front.png
  artifactKey: Guid(32dd115bed46a474ab32a88684606180) Importer(815301076,1909f56bfc062723c751e8b465ee728b)
Start importing Assets/FarlandSkies/Skyboxes/CloudyCrown_05_Daybreak/Textures/CloudyCrown_Daybreak_Front.png using Guid(32dd115bed46a474ab32a88684606180) Importer(815301076,1909f56bfc062723c751e8b465ee728b)  -> (artifact id: 'a0b0c7c2974ee1a40edf1adcb91d6a54') in 0.011224 seconds
  Import took 0.014217 seconds .

========================================================================
Received Import Request.
  Time since last request: 0.000197 seconds.
  path: Assets/FarlandSkies/Skyboxes/CloudyCrown_05_Daybreak/Textures/CloudyCrown_Daybreak_Down.png
  artifactKey: Guid(bf4af9078f5bbcc42911f76a84aaa1e9) Importer(815301076,1909f56bfc062723c751e8b465ee728b)
Start importing Assets/FarlandSkies/Skyboxes/CloudyCrown_05_Daybreak/Textures/CloudyCrown_Daybreak_Down.png using Guid(bf4af9078f5bbcc42911f76a84aaa1e9) Importer(815301076,1909f56bfc062723c751e8b465ee728b)  -> (artifact id: '096572877a26b423ad78a1cf1a8307de') in 0.011751 seconds
  Import took 0.014677 seconds .

========================================================================
Received Import Request.
  Time since last request: 0.000157 seconds.
  path: Assets/FarlandSkies/Skyboxes/CloudyCrown_05_Daybreak/Textures/CloudyCrown_Daybreak_Right.png
  artifactKey: Guid(a233316cd5c3fd84bbad0597bd05102f) Importer(815301076,1909f56bfc062723c751e8b465ee728b)
Start importing Assets/FarlandSkies/Skyboxes/CloudyCrown_05_Daybreak/Textures/CloudyCrown_Daybreak_Right.png using Guid(a233316cd5c3fd84bbad0597bd05102f) Importer(815301076,1909f56bfc062723c751e8b465ee728b)  -> (artifact id: 'b4def75ff9ae32951c749c4c6814df24') in 0.012689 seconds
  Import took 0.015618 seconds .

========================================================================
Received Import Request.
  Time since last request: 0.000152 seconds.
  path: Assets/FarlandSkies/Skyboxes/CloudyCrown_05_Daybreak/Textures/CloudyCrown_Daybreak_Back.png
  artifactKey: Guid(ab78a862493ed7f42a9d16bc994e6697) Importer(815301076,1909f56bfc062723c751e8b465ee728b)
Start importing Assets/FarlandSkies/Skyboxes/CloudyCrown_05_Daybreak/Textures/CloudyCrown_Daybreak_Back.png using Guid(ab78a862493ed7f42a9d16bc994e6697) Importer(815301076,1909f56bfc062723c751e8b465ee728b)  -> (artifact id: '0eef3e199f334d609ea87ca1f516e14b') in 0.011542 seconds
  Import took 0.014442 seconds .

========================================================================
Received Import Request.
  Time since last request: 154.264087 seconds.
  path: Assets/FarlandSkies/Skyboxes
  artifactKey: Guid(c130f5e5b12752b41a3ca95f11a49efd) Importer(815301076,1909f56bfc062723c751e8b465ee728b)
Start importing Assets/FarlandSkies/Skyboxes using Guid(c130f5e5b12752b41a3ca95f11a49efd) Importer(815301076,1909f56bfc062723c751e8b465ee728b)  -> (artifact id: '0188d3bb9179e4ce1e280761b2d480ac') in 0.004824 seconds
  Import took 0.007955 seconds .

========================================================================
Received Import Request.
  Time since last request: 200.580722 seconds.
  path: Assets/Materials/eq1lhgkv-900.mat
  artifactKey: Guid(c6425c01e007b7c44ada92ae959a7e3a) Importer(815301076,1909f56bfc062723c751e8b465ee728b)
Start importing Assets/Materials/eq1lhgkv-900.mat using Guid(c6425c01e007b7c44ada92ae959a7e3a) Importer(815301076,1909f56bfc062723c751e8b465ee728b)  -> (artifact id: '856a47a02e99ab1e74c8a8b7347af2e4') in 0.054164 seconds
  Import took 0.057883 seconds .

========================================================================
Received Prepare
Registering precompiled user dll's ...
Registered in 0.001005 seconds.
Begin MonoManager ReloadAssembly
Native extension for WindowsStandalone target not found
Refreshing native plugins compatible for Editor in 0.40 ms, found 0 plugins.
Preloading 0 native plugins for Editor in 0.00 ms.
Invoked RoslynAnalysisRunner static constructor.
RoslynAnalysisRunner will not be running.
RoslynAnalysisRunner has terminated.
Mono: successfully reloaded assembly
- Completed reload, in  0.650 seconds
Platform modules already initialized, skipping
Shader 'Universal Render Pipeline/Particles/Lit': fallback shader 'Universal Render Pipeline/Particles/SimpleLit' not found
Refreshing native plugins compatible for Editor in 0.39 ms, found 0 plugins.
Preloading 0 native plugins for Editor in 0.00 ms.
Unloading 2543 Unused Serialized files (Serialized files now loaded: 0)
System memory in use before: 119.1 MB.
System memory in use after: 119.3 MB.

Unloading 7 unused Assets to reduce memory usage. Loaded Objects now: 3137.
Total: 1.894500 ms (FindLiveObjects: 0.268600 ms CreateObjectMapping: 0.117700 ms MarkObjects: 1.454500 ms  DeleteObjects: 0.052600 ms)

========================================================================
Received Prepare
Registering precompiled user dll's ...
Registered in 0.000993 seconds.
Begin MonoManager ReloadAssembly
Native extension for WindowsStandalone target not found
Refreshing native plugins compatible for Editor in 0.39 ms, found 0 plugins.
Preloading 0 native plugins for Editor in 0.00 ms.
Invoked RoslynAnalysisRunner static constructor.
RoslynAnalysisRunner will not be running.
RoslynAnalysisRunner has terminated.
Mono: successfully reloaded assembly
- Completed reload, in  0.650 seconds
Platform modules already initialized, skipping
Shader 'Universal Render Pipeline/Particles/Lit': fallback shader 'Universal Render Pipeline/Particles/SimpleLit' not found
Refreshing native plugins compatible for Editor in 0.38 ms, found 0 plugins.
Preloading 0 native plugins for Editor in 0.00 ms.
Unloading 2543 Unused Serialized files (Serialized files now loaded: 0)
System memory in use before: 119.1 MB.
System memory in use after: 119.3 MB.

Unloading 7 unused Assets to reduce memory usage. Loaded Objects now: 3139.
Total: 1.792600 ms (FindLiveObjects: 0.241400 ms CreateObjectMapping: 0.117300 ms MarkObjects: 1.385000 ms  DeleteObjects: 0.048400 ms)

========================================================================
Received Prepare
Registering precompiled user dll's ...
Registered in 0.001011 seconds.
Begin MonoManager ReloadAssembly
Native extension for WindowsStandalone target not found
Refreshing native plugins compatible for Editor in 0.38 ms, found 0 plugins.
Preloading 0 native plugins for Editor in 0.00 ms.
Invoked RoslynAnalysisRunner static constructor.
RoslynAnalysisRunner will not be running.
RoslynAnalysisRunner has terminated.
Mono: successfully reloaded assembly
- Completed reload, in  0.643 seconds
Platform modules already initialized, skipping
Shader 'Universal Render Pipeline/Particles/Lit': fallback shader 'Universal Render Pipeline/Particles/SimpleLit' not found
Refreshing native plugins compatible for Editor in 0.39 ms, found 0 plugins.
Preloading 0 native plugins for Editor in 0.00 ms.
Unloading 2543 Unused Serialized files (Serialized files now loaded: 0)
System memory in use before: 119.1 MB.
System memory in use after: 119.3 MB.

Unloading 7 unused Assets to reduce memory usage. Loaded Objects now: 3141.
Total: 1.841400 ms (FindLiveObjects: 0.216100 ms CreateObjectMapping: 0.103700 ms MarkObjects: 1.436900 ms  DeleteObjects: 0.083900 ms)

========================================================================
Received Prepare
Registering precompiled user dll's ...
Registered in 0.000989 seconds.
Begin MonoManager ReloadAssembly
Native extension for WindowsStandalone target not found
Refreshing native plugins compatible for Editor in 0.41 ms, found 0 plugins.
Preloading 0 native plugins for Editor in 0.00 ms.
Invoked RoslynAnalysisRunner static constructor.
RoslynAnalysisRunner will not be running.
RoslynAnalysisRunner has terminated.
Mono: successfully reloaded assembly
- Completed reload, in  0.651 seconds
Platform modules already initialized, skipping
Shader 'Universal Render Pipeline/Particles/Lit': fallback shader 'Universal Render Pipeline/Particles/SimpleLit' not found
Refreshing native plugins compatible for Editor in 0.38 ms, found 0 plugins.
Preloading 0 native plugins for Editor in 0.00 ms.
Unloading 2543 Unused Serialized files (Serialized files now loaded: 0)
System memory in use before: 119.1 MB.
System memory in use after: 119.3 MB.

Unloading 7 unused Assets to reduce memory usage. Loaded Objects now: 3143.
Total: 1.883700 ms (FindLiveObjects: 0.244700 ms CreateObjectMapping: 0.134300 ms MarkObjects: 1.453100 ms  DeleteObjects: 0.050800 ms)

========================================================================
Received Prepare
Registering precompiled user dll's ...
Registered in 0.000981 seconds.
Begin MonoManager ReloadAssembly
Native extension for WindowsStandalone target not found
Refreshing native plugins compatible for Editor in 0.40 ms, found 0 plugins.
Preloading 0 native plugins for Editor in 0.00 ms.
Invoked RoslynAnalysisRunner static constructor.
RoslynAnalysisRunner will not be running.
RoslynAnalysisRunner has terminated.
Mono: successfully reloaded assembly
- Completed reload, in  0.647 seconds
Platform modules already initialized, skipping
Shader 'Universal Render Pipeline/Particles/Lit': fallback shader 'Universal Render Pipeline/Particles/SimpleLit' not found
Refreshing native plugins compatible for Editor in 0.41 ms, found 0 plugins.
Preloading 0 native plugins for Editor in 0.00 ms.
Unloading 2543 Unused Serialized files (Serialized files now loaded: 0)
System memory in use before: 119.1 MB.
System memory in use after: 119.3 MB.

Unloading 7 unused Assets to reduce memory usage. Loaded Objects now: 3145.
Total: 1.831200 ms (FindLiveObjects: 0.251800 ms CreateObjectMapping: 0.120600 ms MarkObjects: 1.405900 ms  DeleteObjects: 0.052000 ms)

========================================================================
Received Import Request.
  Time since last request: 885.343614 seconds.
  path: Assets/SimpleFX/Materials/FX_Base.mat
  artifactKey: Guid(a0cec58fc32f482418596ffdf7c0d693) Importer(815301076,1909f56bfc062723c751e8b465ee728b)
Start importing Assets/SimpleFX/Materials/FX_Base.mat using Guid(a0cec58fc32f482418596ffdf7c0d693) Importer(815301076,1909f56bfc062723c751e8b465ee728b)  -> (artifact id: '8c62678aec9e363e63595cdfda473287') in 0.051099 seconds
  Import took 0.054761 seconds .

========================================================================
Received Import Request.
  Time since last request: 0.000151 seconds.
  path: Assets/SimpleFX/Materials/FX_Lightray.mat
  artifactKey: Guid(7e0b60daf18511249a209d52beda2988) Importer(815301076,1909f56bfc062723c751e8b465ee728b)
Start importing Assets/SimpleFX/Materials/FX_Lightray.mat using Guid(7e0b60daf18511249a209d52beda2988) Importer(815301076,1909f56bfc062723c751e8b465ee728b)  -> (artifact id: 'f800ed2736fb325b99d8fec0afaf5874') in 0.022437 seconds
  Import took 0.025823 seconds .

========================================================================
Received Import Request.
  Time since last request: 0.000124 seconds.
  path: Assets/SimpleFX/Materials/FX_Water.mat
  artifactKey: Guid(daf5714b1bd61c84fb8f439922ec2664) Importer(815301076,1909f56bfc062723c751e8b465ee728b)
Start importing Assets/SimpleFX/Materials/FX_Water.mat using Guid(daf5714b1bd61c84fb8f439922ec2664) Importer(815301076,1909f56bfc062723c751e8b465ee728b)  -> (artifact id: '1b508354ac3a4823b1824777f39d1e07') in 0.009919 seconds
  Import took 0.012921 seconds .

========================================================================
Received Import Request.
  Time since last request: 0.000117 seconds.
  path: Assets/SimpleFX/Materials/FX_GunFlash.mat
  artifactKey: Guid(f1b0fea076fb0574d868f6e3d9523f52) Importer(815301076,1909f56bfc062723c751e8b465ee728b)
Start importing Assets/SimpleFX/Materials/FX_GunFlash.mat using Guid(f1b0fea076fb0574d868f6e3d9523f52) Importer(815301076,1909f56bfc062723c751e8b465ee728b)  -> (artifact id: 'eb0d59dc3706b6a4bbbb8181263a2ddc') in 0.015162 seconds
  Import took 0.018273 seconds .

========================================================================
Received Import Request.
  Time since last request: 0.000128 seconds.
  path: Assets/SimpleFX/Materials/FX_Glow.mat
  artifactKey: Guid(040cfa3c61ad57946ae16c627e338920) Importer(815301076,1909f56bfc062723c751e8b465ee728b)
Start importing Assets/SimpleFX/Materials/FX_Glow.mat using Guid(040cfa3c61ad57946ae16c627e338920) Importer(815301076,1909f56bfc062723c751e8b465ee728b)  -> (artifact id: 'c0e86a504a0c623d10d38a1099222069') in 0.014952 seconds
  Import took 0.018035 seconds .

========================================================================
Received Import Request.
  Time since last request: 0.000129 seconds.
  path: Assets/SimpleFX/Materials/FX_Splash.mat
  artifactKey: Guid(1ee00051305bdb049b02c923f047227d) Importer(815301076,1909f56bfc062723c751e8b465ee728b)
Start importing Assets/SimpleFX/Materials/FX_Splash.mat using Guid(1ee00051305bdb049b02c923f047227d) Importer(815301076,1909f56bfc062723c751e8b465ee728b)  -> (artifact id: 'fc457c29b7bbdc7efc7709002bbacd08') in 0.012228 seconds
  Import took 0.015330 seconds .

========================================================================
Received Import Request.
  Time since last request: 0.000123 seconds.
  path: Assets/SimpleFX/Materials/FX_Rubble.mat
  artifactKey: Guid(7a9bced7715b2c047b5413e33bc60d5c) Importer(815301076,1909f56bfc062723c751e8b465ee728b)
Start importing Assets/SimpleFX/Materials/FX_Rubble.mat using Guid(7a9bced7715b2c047b5413e33bc60d5c) Importer(815301076,1909f56bfc062723c751e8b465ee728b)  -> (artifact id: '7dc3617d336d3591041cefd307a849c0') in 0.016958 seconds
  Import took 0.019949 seconds .

========================================================================
Received Import Request.
  Time since last request: 9.225153 seconds.
  path: Assets/ppp.asset
  artifactKey: Guid(b635d94d76d303044b6f2c82679766be) Importer(815301076,1909f56bfc062723c751e8b465ee728b)
Start importing Assets/ppp.asset using Guid(b635d94d76d303044b6f2c82679766be) Importer(815301076,1909f56bfc062723c751e8b465ee728b)  -> (artifact id: 'e7072d7e9b5017daa22f94de4234d66d') in 0.014235 seconds
  Import took 0.017577 seconds .

========================================================================
Received Import Request.
  Time since last request: 3.696467 seconds.
  path: Assets/SimpleFX/Prefabs/FX_BloodSplatter.prefab
  artifactKey: Guid(8c27aeead6d968e4ba986702d6b84335) Importer(815301076,1909f56bfc062723c751e8b465ee728b)
Start importing Assets/SimpleFX/Prefabs/FX_BloodSplatter.prefab using Guid(8c27aeead6d968e4ba986702d6b84335) Importer(815301076,1909f56bfc062723c751e8b465ee728b)  -> (artifact id: 'a48e08a69997c1b01ed5aba9eeb55373') in 0.011930 seconds
  Import took 0.016012 seconds .

========================================================================
Received Import Request.
  Time since last request: 0.000129 seconds.
  path: Assets/SimpleFX/Prefabs/FX_DirtSplatter.prefab
  artifactKey: Guid(834c99069a124aa439d5795c3579843b) Importer(815301076,1909f56bfc062723c751e8b465ee728b)
Start importing Assets/SimpleFX/Prefabs/FX_DirtSplatter.prefab using Guid(834c99069a124aa439d5795c3579843b) Importer(815301076,1909f56bfc062723c751e8b465ee728b)  -> (artifact id: '3c1237a762438e278d3a4eaea929ec8a') in 0.005958 seconds
  Import took 0.008887 seconds .

========================================================================
Received Import Request.
  Time since last request: 0.000144 seconds.
  path: Assets/Free Low Poly Desert Pack/Unity Prefabs/Plants/Mixed_Cactus_01.prefab
  artifactKey: Guid(5d8a4c5c2390fc54e96a652c3eeaf313) Importer(815301076,1909f56bfc062723c751e8b465ee728b)
Start importing Assets/Free Low Poly Desert Pack/Unity Prefabs/Plants/Mixed_Cactus_01.prefab using Guid(5d8a4c5c2390fc54e96a652c3eeaf313) Importer(815301076,1909f56bfc062723c751e8b465ee728b)  -> (artifact id: '4f48fcd8f6de00d3739422409d795b17') in 0.028626 seconds
  Import took 0.031679 seconds .

========================================================================
Received Import Request.
  Time since last request: 0.000179 seconds.
  path: Assets/BrokenVector/LowPolyCarPack/Prefabs/Policecar.prefab
  artifactKey: Guid(1bc3a967e1e743b41b30f111c58ba985) Importer(815301076,1909f56bfc062723c751e8b465ee728b)
Start importing Assets/BrokenVector/LowPolyCarPack/Prefabs/Policecar.prefab using Guid(1bc3a967e1e743b41b30f111c58ba985) Importer(815301076,1909f56bfc062723c751e8b465ee728b)  -> (artifact id: '7272e6287a62c56d62efa8e046fc9446') in 0.026149 seconds
  Import took 0.029307 seconds .

========================================================================
Received Import Request.
  Time since last request: 0.000234 seconds.
  path: Assets/BrokenVector/LowPolyCarPack/Prefabs/Truck_1_Green.prefab
  artifactKey: Guid(4c1181499180eff409a0809517ff1937) Importer(815301076,1909f56bfc062723c751e8b465ee728b)
Start importing Assets/BrokenVector/LowPolyCarPack/Prefabs/Truck_1_Green.prefab using Guid(4c1181499180eff409a0809517ff1937) Importer(815301076,1909f56bfc062723c751e8b465ee728b)  -> (artifact id: '267027610d09fd3b55c127c09529f427') in 0.028943 seconds
  Import took 0.032174 seconds .

========================================================================
Received Import Request.
  Time since last request: 0.000126 seconds.
  path: Assets/BrokenVector/LowPolyCarPack/Prefabs/Truck_1_Red.prefab
  artifactKey: Guid(d5f4cc9cf65b2b8499d4720a3d9d8046) Importer(815301076,1909f56bfc062723c751e8b465ee728b)
Start importing Assets/BrokenVector/LowPolyCarPack/Prefabs/Truck_1_Red.prefab using Guid(d5f4cc9cf65b2b8499d4720a3d9d8046) Importer(815301076,1909f56bfc062723c751e8b465ee728b)  -> (artifact id: 'dbdfe0289048fbbd6633912755144789') in 0.022631 seconds
  Import took 0.025941 seconds .

========================================================================
Received Import Request.
  Time since last request: 0.000128 seconds.
  path: Assets/Free Low Poly Desert Pack/Unity Prefabs/Terrain/Mixed_Ground_01.prefab
  artifactKey: Guid(4c4ea267b7f410b418aa1a42c46bacd3) Importer(815301076,1909f56bfc062723c751e8b465ee728b)
Start importing Assets/Free Low Poly Desert Pack/Unity Prefabs/Terrain/Mixed_Ground_01.prefab using Guid(4c4ea267b7f410b418aa1a42c46bacd3) Importer(815301076,1909f56bfc062723c751e8b465ee728b)  -> (artifact id: 'b144eb5e89b8c80e6e5009e2aea44b2c') in 0.028733 seconds
  Import took 0.031783 seconds .

========================================================================
Received Import Request.
  Time since last request: 0.000120 seconds.
  path: Assets/SimpleFX/Prefabs/FX_Steam.prefab
  artifactKey: Guid(5b6c2f68addb63847b151f0d41a9d3b1) Importer(815301076,1909f56bfc062723c751e8b465ee728b)
Start importing Assets/SimpleFX/Prefabs/FX_Steam.prefab using Guid(5b6c2f68addb63847b151f0d41a9d3b1) Importer(815301076,1909f56bfc062723c751e8b465ee728b)  -> (artifact id: '2004c1554fef0e02449e43fe702a30c4') in 0.005811 seconds
  Import took 0.008800 seconds .

========================================================================
Received Import Request.
  Time since last request: 0.000179 seconds.
  path: Assets/SimpleFX/Prefabs/FX_Fireworks_Blue_Large.prefab
  artifactKey: Guid(5702e2a6fea804b45b49b70d8feaf7ae) Importer(815301076,1909f56bfc062723c751e8b465ee728b)
Start importing Assets/SimpleFX/Prefabs/FX_Fireworks_Blue_Large.prefab using Guid(5702e2a6fea804b45b49b70d8feaf7ae) Importer(815301076,1909f56bfc062723c751e8b465ee728b)  -> (artifact id: '99481fc92848e5c04dd9d75654ac92ff') in 0.006007 seconds
  Import took 0.009052 seconds .

========================================================================
Received Import Request.
  Time since last request: 0.000151 seconds.
  path: Assets/SimpleFX/Prefabs/FX_Fireworks_Green_Small.prefab
  artifactKey: Guid(cd4d7020429cde74db076ffa72495419) Importer(815301076,1909f56bfc062723c751e8b465ee728b)
Start importing Assets/SimpleFX/Prefabs/FX_Fireworks_Green_Small.prefab using Guid(cd4d7020429cde74db076ffa72495419) Importer(815301076,1909f56bfc062723c751e8b465ee728b)  -> (artifact id: '5d45409ff020b483536a2a5f1c502865') in 0.005842 seconds
  Import took 0.008931 seconds .

========================================================================
Received Import Request.
  Time since last request: 0.000148 seconds.
  path: Assets/BrokenVector/LowPolyCarPack/Prefabs/Truck_2_Green.prefab
  artifactKey: Guid(e39d5c824186a1a489d4f0109343173e) Importer(815301076,1909f56bfc062723c751e8b465ee728b)
Start importing Assets/BrokenVector/LowPolyCarPack/Prefabs/Truck_2_Green.prefab using Guid(e39d5c824186a1a489d4f0109343173e) Importer(815301076,1909f56bfc062723c751e8b465ee728b)  -> (artifact id: 'fac48b5dd9d5bcb804ccc54facc7034c') in 0.020698 seconds
  Import took 0.023851 seconds .

========================================================================
Received Import Request.
  Time since last request: 0.000173 seconds.
  path: Assets/BrokenVector/LowPolyCarPack/Prefabs/Truck_1_Silver.prefab
  artifactKey: Guid(6a85d95f92dc8954082a8474282c9dca) Importer(815301076,1909f56bfc062723c751e8b465ee728b)
Start importing Assets/BrokenVector/LowPolyCarPack/Prefabs/Truck_1_Silver.prefab using Guid(6a85d95f92dc8954082a8474282c9dca) Importer(815301076,1909f56bfc062723c751e8b465ee728b)  -> (artifact id: 'ea7e0fb14e83270db43d1545a2e8d5a2') in 0.026755 seconds
  Import took 0.029918 seconds .

========================================================================
Received Import Request.
  Time since last request: 0.000123 seconds.
  path: Assets/SimpleFX/Prefabs/FX_Dust_Prefab_02.prefab
  artifactKey: Guid(cd427f0dc853ec74a9ba1c5ff0e48ca2) Importer(815301076,1909f56bfc062723c751e8b465ee728b)
Start importing Assets/SimpleFX/Prefabs/FX_Dust_Prefab_02.prefab using Guid(cd427f0dc853ec74a9ba1c5ff0e48ca2) Importer(815301076,1909f56bfc062723c751e8b465ee728b)  -> (artifact id: 'f80976b9391427121d70975d48eb3317') in 0.006595 seconds
  Import took 0.009479 seconds .

========================================================================
Received Import Request.
  Time since last request: 0.000112 seconds.
  path: Assets/SimpleFX/Prefabs/FX_WaterSplatter.prefab
  artifactKey: Guid(263867d4955e3644f9a1dfa779ab7d1e) Importer(815301076,1909f56bfc062723c751e8b465ee728b)
Start importing Assets/SimpleFX/Prefabs/FX_WaterSplatter.prefab using Guid(263867d4955e3644f9a1dfa779ab7d1e) Importer(815301076,1909f56bfc062723c751e8b465ee728b)  -> (artifact id: '03c9464f14134ac29540fdfd6b161c9f') in 0.005904 seconds
  Import took 0.008969 seconds .

========================================================================
Received Import Request.
  Time since last request: 0.000124 seconds.
  path: Assets/Free Low Poly Desert Pack/Unity Prefabs/Bones/Mixed_Bone_02.prefab
  artifactKey: Guid(fb9f189dcf5d2ad4aad003a8a44b136d) Importer(815301076,1909f56bfc062723c751e8b465ee728b)
Start importing Assets/Free Low Poly Desert Pack/Unity Prefabs/Bones/Mixed_Bone_02.prefab using Guid(fb9f189dcf5d2ad4aad003a8a44b136d) Importer(815301076,1909f56bfc062723c751e8b465ee728b)  -> (artifact id: '501e9bb8b13e8afb8dd9f12827058df7') in 0.027482 seconds
  Import took 0.030603 seconds .

========================================================================
Received Import Request.
  Time since last request: 0.000178 seconds.
  path: Assets/SimpleFX/Prefabs/FX_Rubble.prefab
  artifactKey: Guid(7904355fdf7fdcb4ebc3dca81eb5890e) Importer(815301076,1909f56bfc062723c751e8b465ee728b)
Start importing Assets/SimpleFX/Prefabs/FX_Rubble.prefab using Guid(7904355fdf7fdcb4ebc3dca81eb5890e) Importer(815301076,1909f56bfc062723c751e8b465ee728b)  -> (artifact id: 'eb57b9bb58e72e35af3eda1d08ac7f3d') in 0.009331 seconds
  Import took 0.012386 seconds .

========================================================================
Received Import Request.
  Time since last request: 0.000175 seconds.
  path: Assets/SimpleFX/Prefabs/FX_Smoke.prefab
  artifactKey: Guid(ab1112643ee572748b01dede71158272) Importer(815301076,1909f56bfc062723c751e8b465ee728b)
Start importing Assets/SimpleFX/Prefabs/FX_Smoke.prefab using Guid(ab1112643ee572748b01dede71158272) Importer(815301076,1909f56bfc062723c751e8b465ee728b)  -> (artifact id: '260d7109691e72dc9152fda07480fc4f') in 0.006059 seconds
  Import took 0.009113 seconds .

========================================================================
Received Import Request.
  Time since last request: 0.000128 seconds.
  path: Assets/BrokenVector/LowPolyCarPack/Prefabs/Truck_2_Blue.prefab
  artifactKey: Guid(7c1716c1e067ded44af1dbfe0c4b32ae) Importer(815301076,1909f56bfc062723c751e8b465ee728b)
Start importing Assets/BrokenVector/LowPolyCarPack/Prefabs/Truck_2_Blue.prefab using Guid(7c1716c1e067ded44af1dbfe0c4b32ae) Importer(815301076,1909f56bfc062723c751e8b465ee728b)  -> (artifact id: '76c4b11aabf7cd7badea5c5eefeeea9e') in 0.015506 seconds
  Import took 0.018698 seconds .

========================================================================
Received Import Request.
  Time since last request: 0.000126 seconds.
  path: Assets/Free Low Poly Desert Pack/Unity Prefabs/Plants/Mixed_Plant_02.prefab
  artifactKey: Guid(587331bb58ede6149bd7d31473a36202) Importer(815301076,1909f56bfc062723c751e8b465ee728b)
Start importing Assets/Free Low Poly Desert Pack/Unity Prefabs/Plants/Mixed_Plant_02.prefab using Guid(587331bb58ede6149bd7d31473a36202) Importer(815301076,1909f56bfc062723c751e8b465ee728b)  -> (artifact id: 'e3ab942f58c161b844d0eb84e7c36c2c') in 0.025035 seconds
  Import took 0.028155 seconds .

========================================================================
Received Import Request.
  Time since last request: 0.000128 seconds.
  path: Assets/SimpleFX/Prefabs/FX_Dust_Prefab_03.prefab
  artifactKey: Guid(1570b78163aaedc44bfd35cf13a9f13f) Importer(815301076,1909f56bfc062723c751e8b465ee728b)
Start importing Assets/SimpleFX/Prefabs/FX_Dust_Prefab_03.prefab using Guid(1570b78163aaedc44bfd35cf13a9f13f) Importer(815301076,1909f56bfc062723c751e8b465ee728b)  -> (artifact id: '4ac61f45d6522591d92f28edb68dc157') in 0.005927 seconds
  Import took 0.009189 seconds .

========================================================================
Received Import Request.
  Time since last request: 0.000144 seconds.
  path: Assets/Free Low Poly Desert Pack/Unity Prefabs/Plants/Mixed_Cactus_02.prefab
  artifactKey: Guid(63ff2386a1262d64f99de6e3e1183874) Importer(815301076,1909f56bfc062723c751e8b465ee728b)
Start importing Assets/Free Low Poly Desert Pack/Unity Prefabs/Plants/Mixed_Cactus_02.prefab using Guid(63ff2386a1262d64f99de6e3e1183874) Importer(815301076,1909f56bfc062723c751e8b465ee728b)  -> (artifact id: '55c7b85821950cd32177eaf9b78f7e01') in 0.013994 seconds
  Import took 0.017182 seconds .

========================================================================
Received Import Request.
  Time since last request: 0.000132 seconds.
  path: Assets/Free Low Poly Desert Pack/Unity Prefabs/Rocks/Mixed_Rock_01.prefab
  artifactKey: Guid(8b8681c086a094348955216d4ef3cf0f) Importer(815301076,1909f56bfc062723c751e8b465ee728b)
Start importing Assets/Free Low Poly Desert Pack/Unity Prefabs/Rocks/Mixed_Rock_01.prefab using Guid(8b8681c086a094348955216d4ef3cf0f) Importer(815301076,1909f56bfc062723c751e8b465ee728b)  -> (artifact id: 'baa134a39c3be9bd6824922c5ebe263e') in 0.026402 seconds
  Import took 0.029533 seconds .

========================================================================
Received Import Request.
  Time since last request: 0.000157 seconds.
  path: Assets/SimpleFX/Prefabs/FX_WaterSplash.prefab
  artifactKey: Guid(e49403f034d74ee44aa8a41b0ee4abfd) Importer(815301076,1909f56bfc062723c751e8b465ee728b)
Start importing Assets/SimpleFX/Prefabs/FX_WaterSplash.prefab using Guid(e49403f034d74ee44aa8a41b0ee4abfd) Importer(815301076,1909f56bfc062723c751e8b465ee728b)  -> (artifact id: '52da3d339a587d19055ae13e3dc3e257') in 0.006239 seconds
  Import took 0.009350 seconds .

========================================================================
Received Import Request.
  Time since last request: 0.000157 seconds.
  path: Assets/SimpleFX/Prefabs/FX_Fireworks_Yellow_Large.prefab
  artifactKey: Guid(0f75f6db4a318f54382e0c98b2226db8) Importer(815301076,1909f56bfc062723c751e8b465ee728b)
Start importing Assets/SimpleFX/Prefabs/FX_Fireworks_Yellow_Large.prefab using Guid(0f75f6db4a318f54382e0c98b2226db8) Importer(815301076,1909f56bfc062723c751e8b465ee728b)  -> (artifact id: '98366051db5a027acc797d4e5fcb73e5') in 0.006417 seconds
  Import took 0.009435 seconds .

========================================================================
Received Import Request.
  Time since last request: 0.000159 seconds.
  path: Assets/SimpleFX/Prefabs/FX_FlameThrower.prefab
  artifactKey: Guid(5cd5599e01f32bd418f20a3b9eac1c57) Importer(815301076,1909f56bfc062723c751e8b465ee728b)
Start importing Assets/SimpleFX/Prefabs/FX_FlameThrower.prefab using Guid(5cd5599e01f32bd418f20a3b9eac1c57) Importer(815301076,1909f56bfc062723c751e8b465ee728b)  -> (artifact id: '36eb6ee8a776bf64857774d6a954ee1a') in 0.006020 seconds
  Import took 0.009132 seconds .

========================================================================
Received Import Request.
  Time since last request: 0.000154 seconds.
  path: Assets/Free Low Poly Desert Pack/Unity Prefabs/Trees/Mixed_Palm_tree_01.prefab
  artifactKey: Guid(2fb6f5d47657319408dbd4f3e8412b4c) Importer(815301076,1909f56bfc062723c751e8b465ee728b)
Start importing Assets/Free Low Poly Desert Pack/Unity Prefabs/Trees/Mixed_Palm_tree_01.prefab using Guid(2fb6f5d47657319408dbd4f3e8412b4c) Importer(815301076,1909f56bfc062723c751e8b465ee728b)  -> (artifact id: '30c2301cfee7b4b924695e0806f70c73') in 0.023129 seconds
  Import took 0.026305 seconds .

========================================================================
Received Import Request.
  Time since last request: 0.000130 seconds.
  path: Assets/Free Low Poly Desert Pack/Unity Prefabs/Trees/Mixed_Tree_02.prefab
  artifactKey: Guid(82f6882977329724ca4b934e09af87fc) Importer(815301076,1909f56bfc062723c751e8b465ee728b)
Start importing Assets/Free Low Poly Desert Pack/Unity Prefabs/Trees/Mixed_Tree_02.prefab using Guid(82f6882977329724ca4b934e09af87fc) Importer(815301076,1909f56bfc062723c751e8b465ee728b)  -> (artifact id: '4a3307f87dacab20a3855dcb712c94bd') in 0.022975 seconds
  Import took 0.026043 seconds .

========================================================================
Received Import Request.
  Time since last request: 0.000117 seconds.
  path: Assets/SimpleFX/Prefabs/FX_TireSmoke.prefab
  artifactKey: Guid(d7bf18dd20422304ea868e95c3518f19) Importer(815301076,1909f56bfc062723c751e8b465ee728b)
Start importing Assets/SimpleFX/Prefabs/FX_TireSmoke.prefab using Guid(d7bf18dd20422304ea868e95c3518f19) Importer(815301076,1909f56bfc062723c751e8b465ee728b)  -> (artifact id: '0633110e14af9ef7992eb4f06f0787bb') in 0.005648 seconds
  Import took 0.008504 seconds .

========================================================================
Received Import Request.
  Time since last request: 0.000244 seconds.
  path: Assets/Free Low Poly Desert Pack/Unity Prefabs/Constructions/Mixed_Well_01.prefab
  artifactKey: Guid(f149d460950e2ce478841483a0926f2a) Importer(815301076,1909f56bfc062723c751e8b465ee728b)
Start importing Assets/Free Low Poly Desert Pack/Unity Prefabs/Constructions/Mixed_Well_01.prefab using Guid(f149d460950e2ce478841483a0926f2a) Importer(815301076,1909f56bfc062723c751e8b465ee728b)  -> (artifact id: 'ff52d11610f9f52f2a36e28929a8e270') in 0.022985 seconds
  Import took 0.025967 seconds .

========================================================================
Received Import Request.
  Time since last request: 0.000174 seconds.
  path: Assets/SimpleFX/Prefabs/FX_Lightray.prefab
  artifactKey: Guid(e7aa3eba36ce5d04c84a01925e585932) Importer(815301076,1909f56bfc062723c751e8b465ee728b)
Start importing Assets/SimpleFX/Prefabs/FX_Lightray.prefab using Guid(e7aa3eba36ce5d04c84a01925e585932) Importer(815301076,1909f56bfc062723c751e8b465ee728b)  -> (artifact id: '4ada3c6f6c402a4e68004eca3f8964cc') in 0.008499 seconds
  Import took 0.011570 seconds .

========================================================================
Received Import Request.
  Time since last request: 0.000187 seconds.
  path: Assets/SimpleFX/Prefabs/FX_GunFlash.prefab
  artifactKey: Guid(b955daae02e019d45a8fb68cfd843784) Importer(815301076,1909f56bfc062723c751e8b465ee728b)
Start importing Assets/SimpleFX/Prefabs/FX_GunFlash.prefab using Guid(b955daae02e019d45a8fb68cfd843784) Importer(815301076,1909f56bfc062723c751e8b465ee728b)  -> (artifact id: '4f1b00d31943a36cd4f3bb93ce2053a3') in 0.008535 seconds
  Import took 0.011617 seconds .

========================================================================
Received Import Request.
  Time since last request: 0.000126 seconds.
  path: Assets/SimpleFX/Prefabs/FX_Fireworks_Green_Large.prefab
  artifactKey: Guid(26d069e6f78e6f8478e4dc0152bd6939) Importer(815301076,1909f56bfc062723c751e8b465ee728b)
Start importing Assets/SimpleFX/Prefabs/FX_Fireworks_Green_Large.prefab using Guid(26d069e6f78e6f8478e4dc0152bd6939) Importer(815301076,1909f56bfc062723c751e8b465ee728b)  -> (artifact id: '8360f2af1c94afdd162a6db05d348fa3') in 0.006007 seconds
  Import took 0.009050 seconds .

========================================================================
Received Import Request.
  Time since last request: 0.000141 seconds.
  path: Assets/SimpleFX/Prefabs/FX_Fire.prefab
  artifactKey: Guid(756d99540142b5e4a8d174e18a6310d9) Importer(815301076,1909f56bfc062723c751e8b465ee728b)
Start importing Assets/SimpleFX/Prefabs/FX_Fire.prefab using Guid(756d99540142b5e4a8d174e18a6310d9) Importer(815301076,1909f56bfc062723c751e8b465ee728b)  -> (artifact id: '4aaba48e27980714009f0442ebef21f3') in 0.005892 seconds
  Import took 0.008873 seconds .

========================================================================
Received Import Request.
  Time since last request: 0.000148 seconds.
  path: Assets/BrokenVector/LowPolyCarPack/Prefabs/Truck_1_Purple.prefab
  artifactKey: Guid(e5588eee4212a57479969d0bbe7c7216) Importer(815301076,1909f56bfc062723c751e8b465ee728b)
Start importing Assets/BrokenVector/LowPolyCarPack/Prefabs/Truck_1_Purple.prefab using Guid(e5588eee4212a57479969d0bbe7c7216) Importer(815301076,1909f56bfc062723c751e8b465ee728b)  -> (artifact id: '91cd36d1b7e3d5ee11714737b5c62d36') in 0.014863 seconds
  Import took 0.018184 seconds .

========================================================================
Received Import Request.
  Time since last request: 0.000159 seconds.
  path: Assets/SimpleFX/Prefabs/FX_Explosion_Rubble.prefab
  artifactKey: Guid(079954accd64b32419ec069129c81273) Importer(815301076,1909f56bfc062723c751e8b465ee728b)
Start importing Assets/SimpleFX/Prefabs/FX_Explosion_Rubble.prefab using Guid(079954accd64b32419ec069129c81273) Importer(815301076,1909f56bfc062723c751e8b465ee728b)  -> (artifact id: 'a48acb4b68a92455a30dde261b3b34cf') in 0.006535 seconds
  Import took 0.009774 seconds .

========================================================================
Received Import Request.
  Time since last request: 0.000153 seconds.
  path: Assets/BrokenVector/LowPolyCarPack/Prefabs/Truck_1_Blue.prefab
  artifactKey: Guid(2acf3729bc7663740a4b13c7b0129ad5) Importer(815301076,1909f56bfc062723c751e8b465ee728b)
Start importing Assets/BrokenVector/LowPolyCarPack/Prefabs/Truck_1_Blue.prefab using Guid(2acf3729bc7663740a4b13c7b0129ad5) Importer(815301076,1909f56bfc062723c751e8b465ee728b)  -> (artifact id: '327af0ae5da30aba41711338869bab0d') in 0.014285 seconds
  Import took 0.017506 seconds .

========================================================================
Received Import Request.
  Time since last request: 0.000128 seconds.
  path: Assets/SimpleFX/Prefabs/FX_Dust_Prefab_01.prefab
  artifactKey: Guid(c83a45822d0d3f94991e76a87670125c) Importer(815301076,1909f56bfc062723c751e8b465ee728b)
Start importing Assets/SimpleFX/Prefabs/FX_Dust_Prefab_01.prefab using Guid(c83a45822d0d3f94991e76a87670125c) Importer(815301076,1909f56bfc062723c751e8b465ee728b)  -> (artifact id: '2b3452864360ec63df01e7acd107d578') in 0.006076 seconds
  Import took 0.009104 seconds .

========================================================================
Received Import Request.
  Time since last request: 0.000116 seconds.
  path: Assets/SimpleFX/Prefabs/FX_Fireworks_Blue_Small .prefab
  artifactKey: Guid(6636b3078b0905e489f698a11b7a6b6b) Importer(815301076,1909f56bfc062723c751e8b465ee728b)
Start importing Assets/SimpleFX/Prefabs/FX_Fireworks_Blue_Small .prefab using Guid(6636b3078b0905e489f698a11b7a6b6b) Importer(815301076,1909f56bfc062723c751e8b465ee728b)  -> (artifact id: '75e17348d95dbb0c2b251dd9912e19df') in 0.005954 seconds
  Import took 0.008941 seconds .

========================================================================
Received Import Request.
  Time since last request: 0.000115 seconds.
  path: Assets/SimpleFX/Prefabs/FX_PoolSplash_01.prefab
  artifactKey: Guid(ad879d352fd419047bdfc53b3d2a1961) Importer(815301076,1909f56bfc062723c751e8b465ee728b)
Start importing Assets/SimpleFX/Prefabs/FX_PoolSplash_01.prefab using Guid(ad879d352fd419047bdfc53b3d2a1961) Importer(815301076,1909f56bfc062723c751e8b465ee728b)  -> (artifact id: 'f4075c99e1243065b97067f653f59aab') in 0.011489 seconds
  Import took 0.014512 seconds .

========================================================================
Received Import Request.
  Time since last request: 0.000129 seconds.
  path: Assets/SimpleFX/Prefabs/FX_Fireworks_Yellow_Small.prefab
  artifactKey: Guid(6586ff0f14125534cae2f5d8f04b7871) Importer(815301076,1909f56bfc062723c751e8b465ee728b)
Start importing Assets/SimpleFX/Prefabs/FX_Fireworks_Yellow_Small.prefab using Guid(6586ff0f14125534cae2f5d8f04b7871) Importer(815301076,1909f56bfc062723c751e8b465ee728b)  -> (artifact id: '556fa80ac8a00f86f0997b6a421e4fa2') in 0.006015 seconds
  Import took 0.009105 seconds .

========================================================================
Received Import Request.
  Time since last request: 0.000157 seconds.
  path: Assets/BrokenVector/LowPolyCarPack/Prefabs/Truck_1_Yellow.prefab
  artifactKey: Guid(e1294a8cfc9931d43a862e42e90d5739) Importer(815301076,1909f56bfc062723c751e8b465ee728b)
Start importing Assets/BrokenVector/LowPolyCarPack/Prefabs/Truck_1_Yellow.prefab using Guid(e1294a8cfc9931d43a862e42e90d5739) Importer(815301076,1909f56bfc062723c751e8b465ee728b)  -> (artifact id: '8639543b55a7ee23d9caeb3f8278f312') in 0.022128 seconds
  Import took 0.025356 seconds .

========================================================================
Received Import Request.
  Time since last request: 0.000122 seconds.
  path: Assets/SimpleFX/Prefabs/FX_PoolSplash_01.prefab
  artifactKey: Guid(ad879d352fd419047bdfc53b3d2a1961) Importer(815301076,1909f56bfc062723c751e8b465ee728b)
Start importing Assets/SimpleFX/Prefabs/FX_PoolSplash_01.prefab using Guid(ad879d352fd419047bdfc53b3d2a1961) Importer(815301076,1909f56bfc062723c751e8b465ee728b)  -> (artifact id: 'f4075c99e1243065b97067f653f59aab') in 0.006061 seconds
  Import took 0.009134 seconds .

========================================================================
Received Import Request.
  Time since last request: 0.000124 seconds.
  path: Assets/SimpleFX/Prefabs/FX_PoolSplash_02.prefab
  artifactKey: Guid(0d37f80e5a9508346b0ec65e1917e053) Importer(815301076,1909f56bfc062723c751e8b465ee728b)
Start importing Assets/SimpleFX/Prefabs/FX_PoolSplash_02.prefab using Guid(0d37f80e5a9508346b0ec65e1917e053) Importer(815301076,1909f56bfc062723c751e8b465ee728b)  -> (artifact id: 'c04fb4aa5d9e5c1624c17cdf1b0bb961') in 0.010880 seconds
  Import took 0.013942 seconds .

========================================================================
Received Import Request.
  Time since last request: 0.000122 seconds.
  path: Assets/SimpleFX/Prefabs/FX_PoolSplash_03.prefab
  artifactKey: Guid(b147df4880cd0df449352ee652f14686) Importer(815301076,1909f56bfc062723c751e8b465ee728b)
Start importing Assets/SimpleFX/Prefabs/FX_PoolSplash_03.prefab using Guid(b147df4880cd0df449352ee652f14686) Importer(815301076,1909f56bfc062723c751e8b465ee728b)  -> (artifact id: '7ab417ceac1a0b5652d43f4e3927191b') in 0.010832 seconds
  Import took 0.013952 seconds .

========================================================================
Received Import Request.
  Time since last request: 0.706673 seconds.
  path: Assets/BrokenVector/LowPolyCarPack/Prefabs/Truck_2_Purple.prefab
  artifactKey: Guid(5971c6ba437546948a4b83194e7ddb2a) Importer(815301076,1909f56bfc062723c751e8b465ee728b)
Start importing Assets/BrokenVector/LowPolyCarPack/Prefabs/Truck_2_Purple.prefab using Guid(5971c6ba437546948a4b83194e7ddb2a) Importer(815301076,1909f56bfc062723c751e8b465ee728b)  -> (artifact id: 'fc86df2abb187cf8e64ef9a76a1f4213') in 0.024737 seconds
  Import took 0.028196 seconds .

========================================================================
Received Import Request.
  Time since last request: 0.000178 seconds.
  path: Assets/BrokenVector/LowPolyCarPack/Prefabs/Truck_2_Red.prefab
  artifactKey: Guid(effd6c573175d114bacfddf1faa1d4a7) Importer(815301076,1909f56bfc062723c751e8b465ee728b)
Start importing Assets/BrokenVector/LowPolyCarPack/Prefabs/Truck_2_Red.prefab using Guid(effd6c573175d114bacfddf1faa1d4a7) Importer(815301076,1909f56bfc062723c751e8b465ee728b)  -> (artifact id: 'be702e89ac6a49a43917cbda9477b9eb') in 0.014443 seconds
  Import took 0.017607 seconds .

========================================================================
Received Import Request.
  Time since last request: 0.000118 seconds.
  path: Assets/BrokenVector/LowPolyCarPack/Prefabs/Truck_2_Silver.prefab
  artifactKey: Guid(a37b2602c9050a4469094841aeed030b) Importer(815301076,1909f56bfc062723c751e8b465ee728b)
Start importing Assets/BrokenVector/LowPolyCarPack/Prefabs/Truck_2_Silver.prefab using Guid(a37b2602c9050a4469094841aeed030b) Importer(815301076,1909f56bfc062723c751e8b465ee728b)  -> (artifact id: '6d66793038cc91cc054deb28694020e0') in 0.015657 seconds
  Import took 0.018926 seconds .

========================================================================
Received Import Request.
  Time since last request: 0.000150 seconds.
  path: Assets/BrokenVector/LowPolyCarPack/Prefabs/Truck_2_Yellow.prefab
  artifactKey: Guid(8c211a32366f0534e81b8202e306210a) Importer(815301076,1909f56bfc062723c751e8b465ee728b)
Start importing Assets/BrokenVector/LowPolyCarPack/Prefabs/Truck_2_Yellow.prefab using Guid(8c211a32366f0534e81b8202e306210a) Importer(815301076,1909f56bfc062723c751e8b465ee728b)  -> (artifact id: '1642b7058347cdd8acfdc0eb08059761') in 0.013613 seconds
  Import took 0.016770 seconds .

========================================================================
Received Prepare
Registering precompiled user dll's ...
Registered in 0.001035 seconds.
Begin MonoManager ReloadAssembly
Native extension for WindowsStandalone target not found
Refreshing native plugins compatible for Editor in 0.39 ms, found 0 plugins.
Preloading 0 native plugins for Editor in 0.00 ms.
Invoked RoslynAnalysisRunner static constructor.
RoslynAnalysisRunner will not be running.
RoslynAnalysisRunner has terminated.
Mono: successfully reloaded assembly
- Completed reload, in  0.664 seconds
Platform modules already initialized, skipping
Shader 'Universal Render Pipeline/Particles/Lit': fallback shader 'Universal Render Pipeline/Particles/SimpleLit' not found
Refreshing native plugins compatible for Editor in 0.40 ms, found 0 plugins.
Preloading 0 native plugins for Editor in 0.00 ms.
Unloading 2543 Unused Serialized files (Serialized files now loaded: 0)
System memory in use before: 119.3 MB.
System memory in use after: 119.5 MB.

Unloading 7 unused Assets to reduce memory usage. Loaded Objects now: 3150.
Total: 1.827200 ms (FindLiveObjects: 0.250100 ms CreateObjectMapping: 0.116400 ms MarkObjects: 1.411100 ms  DeleteObjects: 0.048500 ms)

========================================================================
Received Prepare
Registering precompiled user dll's ...
Registered in 0.000982 seconds.
Begin MonoManager ReloadAssembly
Native extension for WindowsStandalone target not found
Refreshing native plugins compatible for Editor in 0.38 ms, found 0 plugins.
Preloading 0 native plugins for Editor in 0.00 ms.
Invoked RoslynAnalysisRunner static constructor.
RoslynAnalysisRunner will not be running.
RoslynAnalysisRunner has terminated.
Mono: successfully reloaded assembly
- Completed reload, in  0.651 seconds
Platform modules already initialized, skipping
Shader 'Universal Render Pipeline/Particles/Lit': fallback shader 'Universal Render Pipeline/Particles/SimpleLit' not found
Refreshing native plugins compatible for Editor in 0.38 ms, found 0 plugins.
Preloading 0 native plugins for Editor in 0.00 ms.
Unloading 2543 Unused Serialized files (Serialized files now loaded: 0)
System memory in use before: 119.3 MB.
System memory in use after: 119.5 MB.

Unloading 7 unused Assets to reduce memory usage. Loaded Objects now: 3152.
Total: 1.923900 ms (FindLiveObjects: 0.261400 ms CreateObjectMapping: 0.127000 ms MarkObjects: 1.483300 ms  DeleteObjects: 0.051600 ms)

========================================================================
Received Prepare
Registering precompiled user dll's ...
Registered in 0.001016 seconds.
Begin MonoManager ReloadAssembly
Native extension for WindowsStandalone target not found
Refreshing native plugins compatible for Editor in 0.39 ms, found 0 plugins.
Preloading 0 native plugins for Editor in 0.00 ms.
Invoked RoslynAnalysisRunner static constructor.
RoslynAnalysisRunner will not be running.
RoslynAnalysisRunner has terminated.
Mono: successfully reloaded assembly
- Completed reload, in  0.664 seconds
Platform modules already initialized, skipping
Shader 'Universal Render Pipeline/Particles/Lit': fallback shader 'Universal Render Pipeline/Particles/SimpleLit' not found
Refreshing native plugins compatible for Editor in 0.41 ms, found 0 plugins.
Preloading 0 native plugins for Editor in 0.00 ms.
Unloading 2543 Unused Serialized files (Serialized files now loaded: 0)
System memory in use before: 119.3 MB.
System memory in use after: 119.5 MB.

Unloading 7 unused Assets to reduce memory usage. Loaded Objects now: 3154.
Total: 1.987400 ms (FindLiveObjects: 0.240200 ms CreateObjectMapping: 0.114700 ms MarkObjects: 1.575500 ms  DeleteObjects: 0.055900 ms)

AssetImportWorkerClient::OnTransportError - code=2 error=End of file
